c:\users\leeovn\desktop\mygithub\animation\assignment2\assignment2\anim\debug\vc142.pdb
c:\users\leeovn\desktop\mygithub\animation\assignment2\assignment2\anim\debug\vc142.idb
c:\users\leeovn\desktop\mygithub\animation\assignment2\assignment2\anim\debug\anim.obj
c:\users\leeovn\desktop\mygithub\animation\assignment2\assignment2\anim\debug\animtcl.obj
c:\users\leeovn\desktop\mygithub\animation\assignment2\assignment2\anim\debug\baseobject.obj
c:\users\leeovn\desktop\mygithub\animation\assignment2\assignment2\anim\debug\basesimulator.obj
c:\users\leeovn\desktop\mygithub\animation\assignment2\assignment2\anim\debug\globalresourcemanager.obj
c:\users\leeovn\desktop\mygithub\animation\assignment2\assignment2\anim\debug\groundplane.obj
c:\users\leeovn\desktop\mygithub\animation\assignment2\assignment2\anim\debug\myscene.obj
c:\users\leeovn\desktop\mygithub\animation\assignment2\assignment2\anim\debug\resourcemanager.obj
c:\users\leeovn\desktop\mygithub\animation\assignment2\assignment2\anim\debug\samplegravitysimulator.obj
c:\users\leeovn\desktop\mygithub\animation\assignment2\assignment2\anim\debug\sampleparticle.obj
c:\users\leeovn\desktop\mygithub\animation\assignment2\assignment2\anim\debug\basesystem.obj
c:\users\leeovn\desktop\mygithub\animation\assignment2\assignment2\anim\debug\springmass.obj
c:\users\leeovn\desktop\mygithub\animation\assignment2\assignment2\anim\debug\springsim.obj
c:\users\leeovn\desktop\mygithub\animation\assignment2\levasseur_leevon_a2\anim\debug\vc142.pdb
c:\users\leeovn\desktop\mygithub\animation\assignment2\levasseur_leevon_a2\anim\debug\vc142.idb
c:\users\leeovn\desktop\mygithub\animation\assignment2\levasseur_leevon_a2\anim\debug\anim.obj
c:\users\leeovn\desktop\mygithub\animation\assignment2\levasseur_leevon_a2\anim\debug\animtcl.obj
c:\users\leeovn\desktop\mygithub\animation\assignment2\levasseur_leevon_a2\anim\debug\baseobject.obj
c:\users\leeovn\desktop\mygithub\animation\assignment2\levasseur_leevon_a2\anim\debug\basesimulator.obj
c:\users\leeovn\desktop\mygithub\animation\assignment2\levasseur_leevon_a2\anim\debug\globalresourcemanager.obj
c:\users\leeovn\desktop\mygithub\animation\assignment2\levasseur_leevon_a2\anim\debug\myscene.obj
c:\users\leeovn\desktop\mygithub\animation\assignment2\levasseur_leevon_a2\anim\debug\resourcemanager.obj
c:\users\leeovn\desktop\mygithub\animation\assignment2\levasseur_leevon_a2\anim\debug\samplegravitysimulator.obj
c:\users\leeovn\desktop\mygithub\animation\assignment2\levasseur_leevon_a2\anim\debug\sampleparticle.obj
c:\users\leeovn\desktop\mygithub\animation\assignment2\levasseur_leevon_a2\anim\debug\basesystem.obj
c:\users\leeovn\desktop\mygithub\animation\assignment2\levasseur_leevon_a2\anim\debug\springmass.obj
c:\users\leeovn\desktop\mygithub\animation\assignment2\levasseur_leevon_a2\anim\debug\springsim.obj
c:\users\leeovn\desktop\mygithub\animation\assignment2\assignment2\build\anim.exe
c:\users\leeovn\desktop\mygithub\animation\assignment2\assignment2\anim\debug\anim.ilk
c:\users\leeovn\desktop\mygithub\animation\assignment2\assignment2\build\animp.pdb
c:\users\leeovn\desktop\mygithub\animation\assignment2\levasseur_leevon_a2\build\anim.exe
c:\users\leeovn\desktop\mygithub\animation\assignment2\levasseur_leevon_a2\anim\debug\anim.ilk
c:\users\leeovn\desktop\mygithub\animation\assignment2\levasseur_leevon_a2\build\animp.pdb
h:\csc473\animation\assignment2\levasseur_leevon_a2\anim\debug\anim.obj
h:\csc473\animation\assignment2\levasseur_leevon_a2\anim\debug\animtcl.obj
h:\csc473\animation\assignment2\levasseur_leevon_a2\anim\debug\baseobject.obj
h:\csc473\animation\assignment2\levasseur_leevon_a2\anim\debug\basesimulator.obj
h:\csc473\animation\assignment2\levasseur_leevon_a2\anim\debug\basesystem.obj
h:\csc473\animation\assignment2\levasseur_leevon_a2\anim\debug\globalresourcemanager.obj
h:\csc473\animation\assignment2\levasseur_leevon_a2\anim\debug\groundplane.obj
h:\csc473\animation\assignment2\levasseur_leevon_a2\anim\debug\myscene.obj
h:\csc473\animation\assignment2\levasseur_leevon_a2\anim\debug\resourcemanager.obj
h:\csc473\animation\assignment2\levasseur_leevon_a2\anim\debug\samplegravitysimulator.obj
h:\csc473\animation\assignment2\levasseur_leevon_a2\anim\debug\sampleparticle.obj
h:\csc473\animation\assignment2\levasseur_leevon_a2\anim\debug\springmass.obj
h:\csc473\animation\assignment2\levasseur_leevon_a2\anim\debug\springsim.obj
h:\csc473\animation\assignment2\levasseur_leevon_a2\anim\debug\springsim.obj.enc
h:\csc473\animation\assignment2\levasseur_leevon_a2\anim\debug\anim.ilk
h:\csc473\animation\assignment2\levasseur_leevon_a2\anim\debug\vc142.idb
h:\csc473\animation\assignment2\levasseur_leevon_a2\anim\debug\vc142.pdb
h:\csc473\animation\assignment2\levasseur_leevon_a2\anim\../build\anim.exe
h:\csc473\animation\assignment2\levasseur_leevon_a2\anim\debug\anim.tlog\cl.command.1.tlog
h:\csc473\animation\assignment2\levasseur_leevon_a2\anim\debug\anim.tlog\cl.read.1.tlog
h:\csc473\animation\assignment2\levasseur_leevon_a2\anim\debug\anim.tlog\cl.write.1.tlog
h:\csc473\animation\assignment2\levasseur_leevon_a2\anim\debug\anim.tlog\link.command.1.tlog
h:\csc473\animation\assignment2\levasseur_leevon_a2\anim\debug\anim.tlog\link.read.1.tlog
h:\csc473\animation\assignment2\levasseur_leevon_a2\anim\debug\anim.tlog\link.write.1.tlog
