c:\users\leeovn\downloads\computeranimationtemplate2019\anim\debug\vc142.pdb
c:\users\leeovn\downloads\computeranimationtemplate2019\anim\debug\vc142.idb
c:\users\leeovn\downloads\computeranimationtemplate2019\anim\debug\anim.obj
c:\users\leeovn\downloads\computeranimationtemplate2019\anim\debug\animtcl.obj
c:\users\leeovn\downloads\computeranimationtemplate2019\anim\debug\baseobject.obj
c:\users\leeovn\downloads\computeranimationtemplate2019\anim\debug\basesimulator.obj
c:\users\leeovn\downloads\computeranimationtemplate2019\anim\debug\bezier.obj
c:\users\leeovn\downloads\computeranimationtemplate2019\anim\debug\globalresourcemanager.obj
c:\users\leeovn\downloads\computeranimationtemplate2019\anim\debug\hermitespline.obj
c:\users\leeovn\downloads\computeranimationtemplate2019\anim\debug\missile.obj
c:\users\leeovn\downloads\computeranimationtemplate2019\anim\debug\missilemovement.obj
c:\users\leeovn\downloads\computeranimationtemplate2019\anim\debug\myscene.obj
c:\users\leeovn\downloads\computeranimationtemplate2019\anim\debug\resourcemanager.obj
c:\users\leeovn\downloads\computeranimationtemplate2019\anim\debug\samplegravitysimulator.obj
c:\users\leeovn\downloads\computeranimationtemplate2019\anim\debug\sampleparticle.obj
c:\users\leeovn\downloads\computeranimationtemplate2019\anim\debug\basesystem.obj
c:\users\leeovn\downloads\computeranimationtemplate2019\anim\debug\sampleforcesimulator.obj
c:\users\leeovn\downloads\computeranimationtemplate2019\anim\debug\tank.obj
c:\users\leeovn\downloads\computeranimationtemplate2019\anim\debug\tankmovement.obj
c:\users\leeovn\downloads\computeranimationtemplate2019\build\anim.exe
c:\users\leeovn\downloads\computeranimationtemplate2019\anim\debug\anim.ilk
c:\users\leeovn\downloads\computeranimationtemplate2019\build\animp.pdb
c:\users\leeovn\downloads\computeranimationtemplate2019\anim\debug\hermitespline.obj.enc
c:\users\leeovn\downloads\computeranimationtemplate2019\anim\debug\anim.tlog\cl.command.1.tlog
c:\users\leeovn\downloads\computeranimationtemplate2019\anim\debug\anim.tlog\cl.read.1.tlog
c:\users\leeovn\downloads\computeranimationtemplate2019\anim\debug\anim.tlog\cl.write.1.tlog
c:\users\leeovn\downloads\computeranimationtemplate2019\anim\debug\anim.tlog\link.command.1.tlog
c:\users\leeovn\downloads\computeranimationtemplate2019\anim\debug\anim.tlog\link.read.1.tlog
c:\users\leeovn\downloads\computeranimationtemplate2019\anim\debug\anim.tlog\link.write.1.tlog
