c:\users\leeovn\desktop\mygithub\animation\assignment2\assignment2\lib\util.pdb
c:\users\leeovn\desktop\mygithub\animation\assignment2\assignment2\lib\util.idb
c:\users\leeovn\desktop\mygithub\animation\assignment2\assignment2\util\debug\ball.obj
c:\users\leeovn\desktop\mygithub\animation\assignment2\assignment2\util\debug\ballaux.obj
c:\users\leeovn\desktop\mygithub\animation\assignment2\assignment2\util\debug\ballmath.obj
c:\users\leeovn\desktop\mygithub\animation\assignment2\assignment2\util\debug\coordsystem.obj
c:\users\leeovn\desktop\mygithub\animation\assignment2\assignment2\util\debug\framesaver.obj
c:\users\leeovn\desktop\mygithub\animation\assignment2\assignment2\util\debug\glutilities.obj
c:\users\leeovn\desktop\mygithub\animation\assignment2\assignment2\util\debug\image.obj
c:\users\leeovn\desktop\mygithub\animation\assignment2\assignment2\util\debug\mymath.obj
c:\users\leeovn\desktop\mygithub\animation\assignment2\assignment2\util\debug\noise.obj
c:\users\leeovn\desktop\mygithub\animation\assignment2\assignment2\util\debug\picker.obj
c:\users\leeovn\desktop\mygithub\animation\assignment2\assignment2\util\debug\quaternion.obj
c:\users\leeovn\desktop\mygithub\animation\assignment2\assignment2\util\debug\timer.obj
c:\users\leeovn\desktop\mygithub\animation\assignment2\assignment2\util\debug\vector.obj
c:\users\leeovn\desktop\mygithub\animation\assignment2\assignment2\util\debug\vectorobj.obj
c:\users\leeovn\desktop\mygithub\animation\assignment2\levasseur_leevon_a2\lib\util.pdb
c:\users\leeovn\desktop\mygithub\animation\assignment2\levasseur_leevon_a2\lib\util.idb
c:\users\leeovn\desktop\mygithub\animation\assignment2\levasseur_leevon_a2\util\debug\ball.obj
c:\users\leeovn\desktop\mygithub\animation\assignment2\levasseur_leevon_a2\util\debug\ballaux.obj
c:\users\leeovn\desktop\mygithub\animation\assignment2\levasseur_leevon_a2\util\debug\ballmath.obj
c:\users\leeovn\desktop\mygithub\animation\assignment2\levasseur_leevon_a2\util\debug\coordsystem.obj
c:\users\leeovn\desktop\mygithub\animation\assignment2\levasseur_leevon_a2\util\debug\framesaver.obj
c:\users\leeovn\desktop\mygithub\animation\assignment2\levasseur_leevon_a2\util\debug\glutilities.obj
c:\users\leeovn\desktop\mygithub\animation\assignment2\levasseur_leevon_a2\util\debug\image.obj
c:\users\leeovn\desktop\mygithub\animation\assignment2\levasseur_leevon_a2\util\debug\mymath.obj
c:\users\leeovn\desktop\mygithub\animation\assignment2\levasseur_leevon_a2\util\debug\noise.obj
c:\users\leeovn\desktop\mygithub\animation\assignment2\levasseur_leevon_a2\util\debug\picker.obj
c:\users\leeovn\desktop\mygithub\animation\assignment2\levasseur_leevon_a2\util\debug\quaternion.obj
c:\users\leeovn\desktop\mygithub\animation\assignment2\levasseur_leevon_a2\util\debug\timer.obj
c:\users\leeovn\desktop\mygithub\animation\assignment2\levasseur_leevon_a2\util\debug\vector.obj
c:\users\leeovn\desktop\mygithub\animation\assignment2\levasseur_leevon_a2\util\debug\vectorobj.obj
c:\users\leeovn\desktop\mygithub\animation\assignment2\assignment2\lib\util.lib
c:\users\leeovn\desktop\mygithub\animation\assignment2\levasseur_leevon_a2\lib\util.lib
h:\csc473\animation\assignment2\levasseur_leevon_a2\util\debug\ball.obj
h:\csc473\animation\assignment2\levasseur_leevon_a2\util\debug\ballaux.obj
h:\csc473\animation\assignment2\levasseur_leevon_a2\util\debug\ballmath.obj
h:\csc473\animation\assignment2\levasseur_leevon_a2\util\debug\coordsystem.obj
h:\csc473\animation\assignment2\levasseur_leevon_a2\util\debug\framesaver.obj
h:\csc473\animation\assignment2\levasseur_leevon_a2\util\debug\glutilities.obj
h:\csc473\animation\assignment2\levasseur_leevon_a2\util\debug\image.obj
h:\csc473\animation\assignment2\levasseur_leevon_a2\util\debug\mymath.obj
h:\csc473\animation\assignment2\levasseur_leevon_a2\util\debug\noise.obj
h:\csc473\animation\assignment2\levasseur_leevon_a2\util\debug\picker.obj
h:\csc473\animation\assignment2\levasseur_leevon_a2\util\debug\quaternion.obj
h:\csc473\animation\assignment2\levasseur_leevon_a2\util\debug\timer.obj
h:\csc473\animation\assignment2\levasseur_leevon_a2\util\debug\vector.obj
h:\csc473\animation\assignment2\levasseur_leevon_a2\util\debug\vectorobj.obj
h:\csc473\animation\assignment2\levasseur_leevon_a2\util\../lib\util.lib
h:\csc473\animation\assignment2\levasseur_leevon_a2\util\debug\util.tlog\cl.command.1.tlog
h:\csc473\animation\assignment2\levasseur_leevon_a2\util\debug\util.tlog\cl.read.1.tlog
h:\csc473\animation\assignment2\levasseur_leevon_a2\util\debug\util.tlog\cl.write.1.tlog
h:\csc473\animation\assignment2\levasseur_leevon_a2\util\debug\util.tlog\lib-link.read.1.tlog
h:\csc473\animation\assignment2\levasseur_leevon_a2\util\debug\util.tlog\lib-link.write.1.tlog
h:\csc473\animation\assignment2\levasseur_leevon_a2\util\debug\util.tlog\lib.command.1.tlog
